<?xml version="1.0" encoding="UTF-8"?>
<!-- Generated by org.testng.reporters.JUnitReportReporter -->
<testsuite hostname="SUPREME" failures="0" tests="1" name="Test_Script.Sample4Test" time="0.354" errors="0" timestamp="2024-02-12T15:13:23 IST" skipped="0">
  <testcase classname="Test_Script.Sample4Test" name="testcase" time="0.354"/>
  <system-out/>
</testsuite> <!-- Test_Script.Sample4Test -->
