<?xml version="1.0" encoding="UTF-8"?>
<!-- Generated by org.testng.reporters.JUnitReportReporter -->
<testsuite hostname="SUPREME" failures="0" tests="6" name="Test_Script.Sample1Test" time="13.528" errors="0" timestamp="2024-02-11T22:56:40 IST" skipped="0">
  <testcase classname="Test_Script.Sample1Test" name="selectProduct" time="0.140"/>
  <system-out/>
  <testcase classname="Test_Script.Sample1Test" name="checkout" time="1.491"/>
  <system-out/>
  <testcase classname="Test_Script.Sample1Test" name="login" time="2.943"/>
  <system-out>
    <![CDATA[sample1 Test
ramkumarsingh4@gmail.com
Ram@04]]>
  </system-out>
  <testcase classname="Test_Script.Sample1Test" name="shoppingCart" time="1.730"/>
  <system-out/>
  <testcase classname="Test_Script.Sample1Test" name="ClickOnShoppingCart" time="1.160"/>
  <system-out/>
  <testcase classname="Test_Script.Sample1Test" name="register" time="6.064"/>
  <system-out/>
</testsuite> <!-- Test_Script.Sample1Test -->
