<?xml version="1.0" encoding="UTF-8"?>
<!-- Generated by org.testng.reporters.JUnitReportReporter -->
<testsuite hostname="SUPREME" failures="0" tests="1" name="Test_Script.Sample5Test" time="9.792" errors="0" timestamp="2024-02-12T15:23:34 IST" skipped="0">
  <testcase classname="Test_Script.Sample5Test" name="testcase" time="9.792"/>
  <system-out/>
</testsuite> <!-- Test_Script.Sample5Test -->
