<?xml version="1.0" encoding="UTF-8"?>
<!-- Generated by org.testng.reporters.JUnitReportReporter -->
<testsuite hostname="SUPREME" failures="0" tests="2" name="Test_Script.Sample2Test" time="0.013" errors="0" timestamp="2024-02-12T11:30:33 IST" skipped="0">
  <testcase classname="Test_Script.Sample2Test" name="testcase1" time="0.002"/>
  <system-out>
    <![CDATA[ram]]>
  </system-out>
  <testcase classname="Test_Script.Sample2Test" name="testcase" time="0.011"/>
  <system-out>
    <![CDATA[sample]]>
  </system-out>
</testsuite> <!-- Test_Script.Sample2Test -->
